[19-Feb-2018 19:32:26 UTC] PHP Parse error:  syntax error, unexpected '", "' (T_CONSTANT_ENCAPSED_STRING), expecting ',' or ';' in /home/ubuntu/workspace/everodriguez/hw/hw2/index.php on line 19
[20-Feb-2018 00:33:45 UTC] PHP Parse error:  syntax error, unexpected ';' in /home/ubuntu/workspace/everodriguez/hw/hw2/index.php on line 11
[20-Feb-2018 00:34:58 UTC] PHP Parse error:  syntax error, unexpected '}' in /home/ubuntu/workspace/everodriguez/hw/hw2/index.php on line 12
[20-Feb-2018 00:35:19 UTC] PHP Parse error:  syntax error, unexpected '.' in /home/ubuntu/workspace/everodriguez/hw/hw2/index.php on line 11
[20-Feb-2018 00:53:33 UTC] PHP Fatal error:  Function name must be a string in /home/ubuntu/workspace/everodriguez/hw/hw2/index.php on line 11
[20-Feb-2018 00:53:33 UTC] PHP Stack trace:
[20-Feb-2018 00:53:33 UTC] PHP   1. {main}() /home/ubuntu/workspace/everodriguez/hw/hw2/index.php:0
[20-Feb-2018 00:53:36 UTC] PHP Fatal error:  Function name must be a string in /home/ubuntu/workspace/everodriguez/hw/hw2/index.php on line 11
[20-Feb-2018 00:53:36 UTC] PHP Stack trace:
[20-Feb-2018 00:53:36 UTC] PHP   1. {main}() /home/ubuntu/workspace/everodriguez/hw/hw2/index.php:0
[20-Feb-2018 00:53:37 UTC] PHP Fatal error:  Function name must be a string in /home/ubuntu/workspace/everodriguez/hw/hw2/index.php on line 11
[20-Feb-2018 00:53:37 UTC] PHP Stack trace:
[20-Feb-2018 00:53:37 UTC] PHP   1. {main}() /home/ubuntu/workspace/everodriguez/hw/hw2/index.php:0
[20-Feb-2018 01:04:06 UTC] PHP Parse error:  syntax error, unexpected '.', expecting ',' or ';' in /home/ubuntu/workspace/everodriguez/hw/hw2/index.php on line 18
[20-Feb-2018 01:08:28 UTC] PHP Parse error:  syntax error, unexpected '.', expecting ',' or ';' in /home/ubuntu/workspace/everodriguez/hw/hw2/index.php on line 18
[20-Feb-2018 01:08:30 UTC] PHP Parse error:  syntax error, unexpected '.', expecting ',' or ';' in /home/ubuntu/workspace/everodriguez/hw/hw2/index.php on line 18
[20-Feb-2018 01:08:31 UTC] PHP Parse error:  syntax error, unexpected '.', expecting ',' or ';' in /home/ubuntu/workspace/everodriguez/hw/hw2/index.php on line 18
[20-Feb-2018 01:09:46 UTC] PHP Parse error:  syntax error, unexpected '$b' (T_VARIABLE), expecting function (T_FUNCTION) in /home/ubuntu/workspace/everodriguez/hw/hw2/index.php on line 17
[20-Feb-2018 01:09:59 UTC] PHP Parse error:  syntax error, unexpected '.', expecting ',' or ';' in /home/ubuntu/workspace/everodriguez/hw/hw2/index.php on line 17
[20-Feb-2018 01:11:15 UTC] PHP Parse error:  syntax error, unexpected '.', expecting ',' or ';' in /home/ubuntu/workspace/everodriguez/hw/hw2/index.php on line 17
[20-Feb-2018 01:12:23 UTC] PHP Parse error:  syntax error, unexpected 'echo' (T_ECHO), expecting function (T_FUNCTION) in /home/ubuntu/workspace/everodriguez/hw/hw2/index.php on line 18
[20-Feb-2018 01:15:44 UTC] PHP Fatal error:  Call to a member function testFunction() on a non-object in /home/ubuntu/workspace/everodriguez/hw/hw2/index.php on line 11
[20-Feb-2018 01:15:44 UTC] PHP Stack trace:
[20-Feb-2018 01:15:44 UTC] PHP   1. {main}() /home/ubuntu/workspace/everodriguez/hw/hw2/index.php:0
[20-Feb-2018 01:15:46 UTC] PHP Fatal error:  Call to a member function testFunction() on a non-object in /home/ubuntu/workspace/everodriguez/hw/hw2/index.php on line 11
[20-Feb-2018 01:15:46 UTC] PHP Stack trace:
[20-Feb-2018 01:15:46 UTC] PHP   1. {main}() /home/ubuntu/workspace/everodriguez/hw/hw2/index.php:0
[20-Feb-2018 01:15:47 UTC] PHP Fatal error:  Call to a member function testFunction() on a non-object in /home/ubuntu/workspace/everodriguez/hw/hw2/index.php on line 11
[20-Feb-2018 01:15:47 UTC] PHP Stack trace:
[20-Feb-2018 01:15:47 UTC] PHP   1. {main}() /home/ubuntu/workspace/everodriguez/hw/hw2/index.php:0
[21-Feb-2018 09:18:09 UTC] PHP Fatal error:  Function name must be a string in /home/ubuntu/workspace/everodriguez/hw/hw2/index.php on line 15
[21-Feb-2018 09:18:09 UTC] PHP Stack trace:
[21-Feb-2018 09:18:09 UTC] PHP   1. {main}() /home/ubuntu/workspace/everodriguez/hw/hw2/index.php:0
