[05-Feb-2018 23:04:23 UTC] PHP Parse error:  syntax error, unexpected 'img' (T_STRING), expecting ',' or ';' in /home/ubuntu/workspace/everodriguez/labs/lab2/index.php on line 10
[05-Feb-2018 23:34:40 UTC] PHP Parse error:  syntax error, unexpected 'for' (T_FOR), expecting ',' or ';' in /home/ubuntu/workspace/everodriguez/labs/lab2/index.php on line 42
[18-Feb-2018 05:30:56 UTC] PHP Warning:  include(inc/functions.php): failed to open stream: No such file or directory in /home/ubuntu/workspace/everodriguez/labs/lab2/index.php on line 3
[18-Feb-2018 05:30:56 UTC] PHP Stack trace:
[18-Feb-2018 05:30:56 UTC] PHP   1. {main}() /home/ubuntu/workspace/everodriguez/labs/lab2/index.php:0
[18-Feb-2018 05:30:56 UTC] PHP Warning:  include(): Failed opening 'inc/functions.php' for inclusion (include_path='.:/usr/share/php:/usr/share/pear') in /home/ubuntu/workspace/everodriguez/labs/lab2/index.php on line 3
[18-Feb-2018 05:30:56 UTC] PHP Stack trace:
[18-Feb-2018 05:30:56 UTC] PHP   1. {main}() /home/ubuntu/workspace/everodriguez/labs/lab2/index.php:0
[18-Feb-2018 05:30:56 UTC] PHP Fatal error:  Call to undefined function play() in /home/ubuntu/workspace/everodriguez/labs/lab2/index.php on line 18
[18-Feb-2018 05:30:56 UTC] PHP Stack trace:
[18-Feb-2018 05:30:56 UTC] PHP   1. {main}() /home/ubuntu/workspace/everodriguez/labs/lab2/index.php:0
[21-Feb-2018 23:13:24 UTC] PHP Warning:  include(api/pixbayAPI.php): failed to open stream: No such file or directory in /home/ubuntu/workspace/everodriguez/labs/lab4/index.php on line 3
[21-Feb-2018 23:13:24 UTC] PHP Stack trace:
[21-Feb-2018 23:13:24 UTC] PHP   1. {main}() /home/ubuntu/workspace/everodriguez/labs/lab4/index.php:0
[21-Feb-2018 23:13:24 UTC] PHP Warning:  include(): Failed opening 'api/pixbayAPI.php' for inclusion (include_path='.:/usr/share/php:/usr/share/pear') in /home/ubuntu/workspace/everodriguez/labs/lab4/index.php on line 3
[21-Feb-2018 23:13:24 UTC] PHP Stack trace:
[21-Feb-2018 23:13:24 UTC] PHP   1. {main}() /home/ubuntu/workspace/everodriguez/labs/lab4/index.php:0
[21-Feb-2018 23:13:24 UTC] PHP Fatal error:  Call to undefined function getImageURLs() in /home/ubuntu/workspace/everodriguez/labs/lab4/index.php on line 4
[21-Feb-2018 23:13:24 UTC] PHP Stack trace:
[21-Feb-2018 23:13:24 UTC] PHP   1. {main}() /home/ubuntu/workspace/everodriguez/labs/lab4/index.php:0
[21-Feb-2018 23:13:53 UTC] PHP Warning:  include(api/pixbayAPI.php): failed to open stream: No such file or directory in /home/ubuntu/workspace/everodriguez/labs/lab4/index.php on line 3
[21-Feb-2018 23:13:53 UTC] PHP Stack trace:
[21-Feb-2018 23:13:53 UTC] PHP   1. {main}() /home/ubuntu/workspace/everodriguez/labs/lab4/index.php:0
[21-Feb-2018 23:13:53 UTC] PHP Warning:  include(): Failed opening 'api/pixbayAPI.php' for inclusion (include_path='.:/usr/share/php:/usr/share/pear') in /home/ubuntu/workspace/everodriguez/labs/lab4/index.php on line 3
[21-Feb-2018 23:13:53 UTC] PHP Stack trace:
[21-Feb-2018 23:13:53 UTC] PHP   1. {main}() /home/ubuntu/workspace/everodriguez/labs/lab4/index.php:0
[21-Feb-2018 23:13:53 UTC] PHP Fatal error:  Call to undefined function getImageURLs() in /home/ubuntu/workspace/everodriguez/labs/lab4/index.php on line 5
[21-Feb-2018 23:13:53 UTC] PHP Stack trace:
[21-Feb-2018 23:13:53 UTC] PHP   1. {main}() /home/ubuntu/workspace/everodriguez/labs/lab4/index.php:0
[21-Feb-2018 23:15:56 UTC] PHP Warning:  include(api/pixbayAPI.php): failed to open stream: No such file or directory in /home/ubuntu/workspace/everodriguez/labs/lab4/index.php on line 3
[21-Feb-2018 23:15:56 UTC] PHP Stack trace:
[21-Feb-2018 23:15:56 UTC] PHP   1. {main}() /home/ubuntu/workspace/everodriguez/labs/lab4/index.php:0
[21-Feb-2018 23:15:56 UTC] PHP Warning:  include(): Failed opening 'api/pixbayAPI.php' for inclusion (include_path='.:/usr/share/php:/usr/share/pear') in /home/ubuntu/workspace/everodriguez/labs/lab4/index.php on line 3
[21-Feb-2018 23:15:56 UTC] PHP Stack trace:
[21-Feb-2018 23:15:56 UTC] PHP   1. {main}() /home/ubuntu/workspace/everodriguez/labs/lab4/index.php:0
[21-Feb-2018 23:15:56 UTC] PHP Fatal error:  Call to undefined function getImageURLs() in /home/ubuntu/workspace/everodriguez/labs/lab4/index.php on line 8
[21-Feb-2018 23:15:56 UTC] PHP Stack trace:
[21-Feb-2018 23:15:56 UTC] PHP   1. {main}() /home/ubuntu/workspace/everodriguez/labs/lab4/index.php:0
[12-Mar-2018 22:23:56 UTC] PHP Fatal error:  Call to a member function prepare() on a non-object in /home/ubuntu/workspace/everodriguez/labs/lab6/index.php on line 28
[12-Mar-2018 22:23:56 UTC] PHP Stack trace:
[12-Mar-2018 22:23:56 UTC] PHP   1. {main}() /home/ubuntu/workspace/everodriguez/labs/lab6/index.php:0
[12-Mar-2018 22:23:56 UTC] PHP   2. displaySearchResults() /home/ubuntu/workspace/everodriguez/labs/lab6/index.php:82
[12-Mar-2018 22:24:56 UTC] PHP Fatal error:  Call to a member function prepare() on a non-object in /home/ubuntu/workspace/everodriguez/labs/lab6/index.php on line 33
[12-Mar-2018 22:24:56 UTC] PHP Stack trace:
[12-Mar-2018 22:24:56 UTC] PHP   1. {main}() /home/ubuntu/workspace/everodriguez/labs/lab6/index.php:0
[12-Mar-2018 22:24:56 UTC] PHP   2. displaySearchResults() /home/ubuntu/workspace/everodriguez/labs/lab6/index.php:85
[12-Mar-2018 22:24:58 UTC] PHP Fatal error:  Call to a member function prepare() on a non-object in /home/ubuntu/workspace/everodriguez/labs/lab6/index.php on line 33
[12-Mar-2018 22:24:58 UTC] PHP Stack trace:
[12-Mar-2018 22:24:58 UTC] PHP   1. {main}() /home/ubuntu/workspace/everodriguez/labs/lab6/index.php:0
[12-Mar-2018 22:24:58 UTC] PHP   2. displaySearchResults() /home/ubuntu/workspace/everodriguez/labs/lab6/index.php:85
